2025-06-11 19:05:00,529 - INFO - [*] Beautifying JSON...
2025-06-11 19:05:00,530 - INFO - Results are stored in: test.json
2025-06-11 19:15:18,238 - INFO - Starting up VulnParse-Pin...
2025-06-11 19:15:18,238 - INFO - Loading file: {args.file}
2025-06-11 19:15:19,534 - INFO - [*] Beautifying JSON...
2025-06-11 19:15:19,535 - INFO - Results are stored in: test.json
2025-06-11 19:16:18,360 - INFO - Starting up VulnParse-Pin...
2025-06-11 19:16:18,361 - INFO - Loading file: .\mock_nessus_report.json
2025-06-11 19:16:19,771 - INFO - Beautifying JSON...
2025-06-11 19:16:19,772 - INFO - Results are stored in: test.json
2025-06-11 19:21:40,300 - INFO - Starting up VulnParse-Pin...
2025-06-11 19:21:40,301 - INFO - Loading file: .\mock_nessus_report.json
2025-06-11 19:21:40,301 - INFO - File Loaded: .\mock_nessus_report.json
2025-06-11 19:21:40,302 - INFO - Detected parser for JSON structure: NessusParser
2025-06-11 19:21:40,302 - INFO - Loading CISA KEV data from https://www.cisa.gov/sites/default/files/feeds/known_exploited_vulnerabilities.json
2025-06-11 19:21:40,466 - INFO - Loaded CISA KEV data from https://www.cisa.gov/sites/default/files/feeds/known_exploited_vulnerabilities.json
2025-06-11 19:21:40,466 - INFO - Loading EPSS data from https://epss.cyentia.com/epss_scores-current.csv.gz
2025-06-11 19:21:41,684 - INFO - Loaded EPSS data from https://epss.cyentia.com/epss_scores-current.csv.gz
2025-06-11 19:21:41,684 - INFO - Enrichments Applied
2025-06-11 19:21:41,684 - INFO - Parsed 6 assets, 9 findings
2025-06-11 19:21:41,685 - INFO - Beautifying JSON...
2025-06-11 19:21:41,686 - INFO - Results are stored in: test.json
2025-06-11 19:24:18,795 - INFO - Starting up VulnParse-Pin...
2025-06-11 19:24:18,795 - INFO - Loading file: .\mock_nessus_report.json
2025-06-11 19:24:18,796 - INFO - File Loaded: .\mock_nessus_report.json
2025-06-11 19:24:18,796 - INFO - Scanning JSON structure to determine the type of parser to use...
2025-06-11 19:24:18,796 - INFO - Detected parser for JSON structure: NessusParser
2025-06-11 19:24:18,796 - INFO - Loading CISA KEV data from https://www.cisa.gov/sites/default/files/feeds/known_exploited_vulnerabilities.json
2025-06-11 19:24:19,007 - INFO - Loaded CISA KEV data from https://www.cisa.gov/sites/default/files/feeds/known_exploited_vulnerabilities.json
2025-06-11 19:24:19,008 - INFO - Loading EPSS data from https://epss.cyentia.com/epss_scores-current.csv.gz
2025-06-11 19:24:20,028 - INFO - Loaded EPSS data from https://epss.cyentia.com/epss_scores-current.csv.gz
2025-06-11 19:24:20,028 - INFO - Enrichments Applied
2025-06-11 19:24:20,028 - INFO - Parsed 6 assets, 9 findings
2025-06-11 19:24:20,029 - INFO - Beautifying JSON...
2025-06-11 19:24:20,029 - INFO - Results are stored in: test.json
2025-06-11 19:27:49,448 - INFO - Starting up VulnParse-Pin...
2025-06-11 19:27:49,449 - INFO - Loading file: .\mock_nessus_report.json
2025-06-11 19:27:49,449 - INFO - File Loaded: .\mock_nessus_report.json
2025-06-11 19:27:49,449 - INFO - Scanning JSON structure to determine the type of parser to use...
2025-06-11 19:27:49,850 - INFO - Detected parser for JSON structure: NessusParser
2025-06-11 19:27:49,850 - INFO - Loading CISA KEV data from https://www.cisa.gov/sites/default/files/feeds/known_exploited_vulnerabilities.json
2025-06-11 19:27:49,997 - INFO - Loaded CISA KEV data from https://www.cisa.gov/sites/default/files/feeds/known_exploited_vulnerabilities.json
2025-06-11 19:27:49,997 - INFO - Loading EPSS data from https://epss.cyentia.com/epss_scores-current.csv.gz
2025-06-11 19:27:50,967 - INFO - Loaded EPSS data from https://epss.cyentia.com/epss_scores-current.csv.gz
2025-06-11 19:27:50,967 - INFO - Enrichments Applied
2025-06-11 19:27:50,967 - INFO - Parsed 6 assets, 9 findings
2025-06-11 19:27:50,967 - INFO - Beautifying JSON...
2025-06-11 19:27:50,968 - INFO - Results are stored in: test.json
2025-06-11 19:28:00,480 - INFO - Starting up VulnParse-Pin...
2025-06-11 19:28:00,480 - INFO - Loading file: .\mock_nessus_report.json
2025-06-11 19:28:00,481 - INFO - File Loaded: .\mock_nessus_report.json
2025-06-11 19:28:00,481 - INFO - Scanning JSON structure to determine the type of parser to use...
2025-06-11 19:28:02,481 - INFO - Detected parser for JSON structure: NessusParser
2025-06-11 19:28:02,482 - INFO - Loading CISA KEV data from https://www.cisa.gov/sites/default/files/feeds/known_exploited_vulnerabilities.json
2025-06-11 19:28:02,586 - INFO - Loaded CISA KEV data from https://www.cisa.gov/sites/default/files/feeds/known_exploited_vulnerabilities.json
2025-06-11 19:28:02,586 - INFO - Loading EPSS data from https://epss.cyentia.com/epss_scores-current.csv.gz
2025-06-11 19:28:03,407 - INFO - Loaded EPSS data from https://epss.cyentia.com/epss_scores-current.csv.gz
2025-06-11 19:28:03,408 - INFO - Enrichments Applied
2025-06-11 19:28:03,408 - INFO - Parsed 6 assets, 9 findings
2025-06-11 19:28:03,408 - INFO - Beautifying JSON...
2025-06-11 19:28:03,409 - INFO - Results are stored in: test.json
2025-06-11 19:40:10,055 - INFO - Starting up VulnParse-Pin...
2025-06-11 19:40:10,056 - INFO - Loading file: .\mock_nessus_report.json
2025-06-11 19:40:10,056 - INFO - File Loaded: .\mock_nessus_report.json
2025-06-11 19:40:10,056 - INFO - Scanning JSON structure to determine the type of parser to use...
2025-06-11 19:40:10,056 - INFO - Detected parser for JSON structure: NessusParser
2025-06-11 19:40:10,057 - INFO - Loading CISA KEV data from https://www.cisa.gov/sites/default/files/feeds/known_exploited_vulnerabilities.json
2025-06-11 19:40:10,189 - INFO - Loaded CISA KEV data from https://www.cisa.gov/sites/default/files/feeds/known_exploited_vulnerabilities.json
2025-06-11 19:40:10,189 - INFO - Loading EPSS data from https://epss.cyentia.com/epss_scores-current.csv.gz
2025-06-11 19:40:11,223 - INFO - Loaded EPSS data from https://epss.cyentia.com/epss_scores-current.csv.gz
2025-06-11 19:40:11,223 - INFO - Enrichments Applied
2025-06-11 19:40:11,223 - INFO - Parsed 6 assets, 9 findings
2025-06-11 19:40:11,223 - INFO - Beautifying JSON in: test.json
2025-06-11 19:40:11,224 - INFO - Results are stored in: test.json
2025-06-11 19:41:21,977 - INFO - Starting up VulnParse-Pin...
2025-06-11 19:41:21,978 - INFO - Loading file: .\mock_nessus_report.json
2025-06-11 19:41:21,978 - INFO - File Loaded: .\mock_nessus_report.json
2025-06-11 19:41:21,978 - INFO - Scanning JSON structure to determine the type of parser to use...
2025-06-11 19:41:21,978 - INFO - Detected parser for JSON structure: NessusParser
2025-06-11 19:41:21,979 - INFO - Loading CISA KEV data from https://www.cisa.gov/sites/default/files/feeds/known_exploited_vulnerabilities.json
2025-06-11 19:41:22,103 - INFO - Loaded CISA KEV data from https://www.cisa.gov/sites/default/files/feeds/known_exploited_vulnerabilities.json
2025-06-11 19:41:22,103 - INFO - Loading EPSS data from https://epss.cyentia.com/epss_scores-current.csv.gz
2025-06-11 19:41:23,321 - INFO - Loaded EPSS data from https://epss.cyentia.com/epss_scores-current.csv.gz
2025-06-11 19:41:23,322 - INFO - Enrichments Applied
2025-06-11 19:41:23,322 - INFO - Parsed 6 assets, 9 findings
2025-06-11 19:41:23,322 - INFO - ====================Beautifying JSON====================
2025-06-11 19:41:23,323 - INFO - Results are stored in: test.json
2025-06-11 19:42:19,520 - INFO - Starting up VulnParse-Pin...
2025-06-11 19:42:19,520 - INFO - Loading file: .\mock_nessus_report.json
2025-06-11 19:42:19,520 - INFO - File Loaded: .\mock_nessus_report.json
2025-06-11 19:42:19,520 - INFO - Scanning JSON structure to determine the type of parser to use...
2025-06-11 19:42:19,520 - INFO - Detected parser for JSON structure: NessusParser
2025-06-11 19:42:19,521 - INFO - Loading CISA KEV data from https://www.cisa.gov/sites/default/files/feeds/known_exploited_vulnerabilities.json
2025-06-11 19:42:19,659 - INFO - Loaded CISA KEV data from https://www.cisa.gov/sites/default/files/feeds/known_exploited_vulnerabilities.json
2025-06-11 19:42:19,659 - INFO - Loading EPSS data from https://epss.cyentia.com/epss_scores-current.csv.gz
2025-06-11 19:42:20,473 - INFO - Loaded EPSS data from https://epss.cyentia.com/epss_scores-current.csv.gz
2025-06-11 19:42:20,474 - INFO - Enrichments Applied
2025-06-11 19:42:20,474 - INFO - Parsed 6 assets, 9 findings
2025-06-11 19:42:20,474 - INFO - ----Beautifying JSON----
2025-06-11 19:42:20,475 - INFO - Results are stored in: test.json
2025-06-11 19:43:49,293 - INFO - Starting up VulnParse-Pin...
2025-06-11 19:43:49,293 - INFO - Loading file: .\mock_nessus_report.json
2025-06-11 19:43:49,294 - INFO - File Loaded: .\mock_nessus_report.json
2025-06-11 19:43:49,294 - INFO - Scanning JSON structure to determine the type of parser to use...
2025-06-11 19:43:49,294 - INFO - Detected parser for JSON structure: NessusParser
2025-06-11 19:43:49,295 - INFO - Loading CISA KEV data from https://www.cisa.gov/sites/default/files/feeds/known_exploited_vulnerabilities.json
2025-06-11 19:43:49,418 - INFO - Loaded CISA KEV data from https://www.cisa.gov/sites/default/files/feeds/known_exploited_vulnerabilities.json
2025-06-11 19:43:49,418 - INFO - Loading EPSS data from https://epss.cyentia.com/epss_scores-current.csv.gz
2025-06-11 19:43:50,424 - INFO - Loaded EPSS data from https://epss.cyentia.com/epss_scores-current.csv.gz
2025-06-11 19:43:50,424 - INFO - Enrichments Applied
2025-06-11 19:43:50,424 - INFO - Parsed 6 assets, 9 findings
2025-06-11 19:43:50,424 - INFO - -Pretty-printing JSON...Standby-
2025-06-11 19:43:50,425 - INFO - Parsed results are stored in: test.json
2025-06-11 19:44:36,285 - INFO - Starting up VulnParse-Pin...
2025-06-11 19:44:36,285 - INFO - Loading file: .\mock_nessus_report.json
2025-06-11 19:44:36,286 - INFO - File Loaded: .\mock_nessus_report.json
2025-06-11 19:44:36,286 - INFO - Scanning JSON structure to determine the type of parser to use...
2025-06-11 19:44:36,286 - INFO - Detected parser for JSON structure: NessusParser
2025-06-11 19:44:36,286 - INFO - Loading CISA KEV data from https://www.cisa.gov/sites/default/files/feeds/known_exploited_vulnerabilities.json
2025-06-11 19:44:36,488 - INFO - Loaded CISA KEV data from https://www.cisa.gov/sites/default/files/feeds/known_exploited_vulnerabilities.json
2025-06-11 19:44:36,489 - INFO - Loading EPSS data from https://epss.cyentia.com/epss_scores-current.csv.gz
2025-06-11 19:44:37,435 - INFO - Loaded EPSS data from https://epss.cyentia.com/epss_scores-current.csv.gz
2025-06-11 19:44:37,436 - INFO - Enrichments Applied
2025-06-11 19:44:37,436 - INFO - Parsed 6 assets, 9 findings
2025-06-11 19:44:37,436 - INFO - Pretty-printing JSON - Standby...
2025-06-11 19:44:37,437 - INFO - Parsed results are stored in: test.json
2025-06-11 19:46:06,703 - INFO - Starting up VulnParse-Pin...
2025-06-11 19:46:06,703 - INFO - Loading file: .\mock_nessus_report.json
2025-06-11 19:46:06,703 - INFO - File Loaded: .\mock_nessus_report.json
2025-06-11 19:46:06,703 - INFO - Scanning JSON structure to determine the type of parser to use...
2025-06-11 19:46:06,703 - INFO - Detected parser for JSON structure: NessusParser
2025-06-11 19:46:06,704 - INFO - Loading CISA KEV data from https://www.cisa.gov/sites/default/files/feeds/known_exploited_vulnerabilities.json
2025-06-11 19:46:06,891 - INFO - Loaded CISA KEV data from https://www.cisa.gov/sites/default/files/feeds/known_exploited_vulnerabilities.json
2025-06-11 19:46:06,891 - INFO - Loading EPSS data from https://epss.cyentia.com/epss_scores-current.csv.gz
2025-06-11 19:46:08,080 - INFO - Loaded EPSS data from [93mhttps://epss.cyentia.com/epss_scores-current.csv.gz[0m
2025-06-11 19:46:08,081 - INFO - Enrichments Applied
2025-06-11 19:46:08,081 - INFO - Parsed 6 assets, 9 findings
2025-06-11 19:46:08,081 - INFO - Pretty-printing JSON - Standby...
2025-06-11 19:46:08,082 - INFO - Parsed results are stored in: test.json
2025-06-11 19:46:37,267 - INFO - Starting up VulnParse-Pin...
2025-06-11 19:46:37,267 - INFO - Loading file: .\mock_nessus_report.json
2025-06-11 19:46:37,268 - INFO - File Loaded: .\mock_nessus_report.json
2025-06-11 19:46:37,268 - INFO - Scanning JSON structure to determine the type of parser to use...
2025-06-11 19:46:37,268 - INFO - Detected parser for JSON structure: NessusParser
2025-06-11 19:46:37,268 - INFO - Loading CISA KEV data from https://www.cisa.gov/sites/default/files/feeds/known_exploited_vulnerabilities.json
2025-06-11 19:46:37,469 - INFO - Loaded CISA KEV data from https://www.cisa.gov/sites/default/files/feeds/known_exploited_vulnerabilities.json
2025-06-11 19:46:37,469 - INFO - Loading EPSS data from [33mhttps://epss.cyentia.com/epss_scores-current.csv.gz[0m
2025-06-11 19:46:38,400 - INFO - Loaded EPSS data from [93mhttps://epss.cyentia.com/epss_scores-current.csv.gz[0m
2025-06-11 19:46:38,400 - INFO - Enrichments Applied
2025-06-11 19:46:38,400 - INFO - Parsed 6 assets, 9 findings
2025-06-11 19:46:38,401 - INFO - Pretty-printing JSON - Standby...
2025-06-11 19:46:38,401 - INFO - Parsed results are stored in: test.json
2025-06-11 19:47:16,335 - INFO - Starting up VulnParse-Pin...
2025-06-11 19:47:16,335 - INFO - Loading file: .\mock_nessus_report.json
2025-06-11 19:47:16,336 - INFO - File Loaded: .\mock_nessus_report.json
2025-06-11 19:47:16,336 - INFO - Scanning JSON structure to determine the type of parser to use...
2025-06-11 19:47:16,336 - INFO - Detected parser for JSON structure: NessusParser
2025-06-11 19:47:16,337 - INFO - Loading CISA KEV data from https://www.cisa.gov/sites/default/files/feeds/known_exploited_vulnerabilities.json
2025-06-11 19:47:16,466 - INFO - Loaded CISA KEV data from https://www.cisa.gov/sites/default/files/feeds/known_exploited_vulnerabilities.json
2025-06-11 19:47:16,466 - INFO - Loading EPSS data from [95mhttps://epss.cyentia.com/epss_scores-current.csv.gz[0m
2025-06-11 19:47:17,573 - INFO - Loaded EPSS data from [93mhttps://epss.cyentia.com/epss_scores-current.csv.gz[0m
2025-06-11 19:47:17,573 - INFO - Enrichments Applied
2025-06-11 19:47:17,573 - INFO - Parsed 6 assets, 9 findings
2025-06-11 19:47:17,573 - INFO - Pretty-printing JSON - Standby...
2025-06-11 19:47:17,574 - INFO - Parsed results are stored in: test.json
2025-06-11 19:47:38,342 - INFO - Starting up VulnParse-Pin...
2025-06-11 19:47:38,342 - INFO - Loading file: .\mock_nessus_report.json
2025-06-11 19:47:38,343 - INFO - File Loaded: .\mock_nessus_report.json
2025-06-11 19:47:38,343 - INFO - Scanning JSON structure to determine the type of parser to use...
2025-06-11 19:47:38,343 - INFO - Detected parser for JSON structure: NessusParser
2025-06-11 19:47:38,343 - INFO - Loading CISA KEV data from https://www.cisa.gov/sites/default/files/feeds/known_exploited_vulnerabilities.json
2025-06-11 19:47:38,465 - INFO - Loaded CISA KEV data from https://www.cisa.gov/sites/default/files/feeds/known_exploited_vulnerabilities.json
2025-06-11 19:47:38,465 - INFO - Loading EPSS data from [91mhttps://epss.cyentia.com/epss_scores-current.csv.gz[0m
2025-06-11 19:47:39,353 - INFO - Loaded EPSS data from [93mhttps://epss.cyentia.com/epss_scores-current.csv.gz[0m
2025-06-11 19:47:39,353 - INFO - Enrichments Applied
2025-06-11 19:47:39,353 - INFO - Parsed 6 assets, 9 findings
2025-06-11 19:47:39,354 - INFO - Pretty-printing JSON - Standby...
2025-06-11 19:47:39,354 - INFO - Parsed results are stored in: test.json
2025-06-11 19:48:14,088 - INFO - Starting up VulnParse-Pin...
2025-06-11 19:48:14,088 - INFO - Loading file: .\mock_nessus_report.json
2025-06-11 19:48:14,089 - INFO - File Loaded: .\mock_nessus_report.json
2025-06-11 19:48:14,089 - INFO - Scanning JSON structure to determine the type of parser to use...
2025-06-11 19:48:14,089 - INFO - Detected parser for JSON structure: NessusParser
2025-06-11 19:48:14,089 - INFO - Loading CISA KEV data from [93mhttps://www.cisa.gov/sites/default/files/feeds/known_exploited_vulnerabilities.json[0m
2025-06-11 19:48:14,222 - INFO - Loaded CISA KEV data from [93mhttps://www.cisa.gov/sites/default/files/feeds/known_exploited_vulnerabilities.json[0m
2025-06-11 19:48:14,222 - INFO - Loading EPSS data from [93mhttps://epss.cyentia.com/epss_scores-current.csv.gz[0m
2025-06-11 19:48:15,171 - INFO - Loaded EPSS data from [93mhttps://epss.cyentia.com/epss_scores-current.csv.gz[0m
2025-06-11 19:48:15,171 - INFO - Enrichments Applied
2025-06-11 19:48:15,172 - INFO - Parsed 6 assets, 9 findings
2025-06-11 19:48:15,172 - INFO - Pretty-printing JSON - Standby...
2025-06-11 19:48:15,173 - INFO - Parsed results are stored in: test.json
2025-06-11 19:49:35,299 - INFO - Starting up VulnParse-Pin...
2025-06-11 19:49:35,299 - INFO - Loading file: .\mock_nessus_report.json
2025-06-11 19:49:35,299 - INFO - File Loaded: .\mock_nessus_report.json
2025-06-11 19:49:35,299 - INFO - Scanning JSON structure to determine the type of parser to use...
2025-06-11 19:49:35,300 - INFO - Detected parser for JSON structure: [95mNessusParser[0m
2025-06-11 19:49:35,300 - INFO - Loading CISA KEV data from [93mhttps://www.cisa.gov/sites/default/files/feeds/known_exploited_vulnerabilities.json[0m
2025-06-11 19:49:35,430 - INFO - Loaded CISA KEV data from [93mhttps://www.cisa.gov/sites/default/files/feeds/known_exploited_vulnerabilities.json[0m
2025-06-11 19:49:35,430 - INFO - Loading EPSS data from [93mhttps://epss.cyentia.com/epss_scores-current.csv.gz[0m
2025-06-11 19:49:36,591 - INFO - Loaded EPSS data from [93mhttps://epss.cyentia.com/epss_scores-current.csv.gz[0m
2025-06-11 19:49:36,591 - INFO - Enrichments Applied
2025-06-11 19:49:36,591 - INFO - Parsed 6 assets, 9 findings
2025-06-11 19:49:36,591 - INFO - Pretty-printing JSON - Standby...
2025-06-11 19:49:36,592 - INFO - Parsed results are stored in: test.json
2025-06-11 20:59:34,204 - INFO - Starting up VulnParse-Pin...
2025-06-11 20:59:34,204 - INFO - Loading file: .\mock_nessus_report.json
2025-06-11 20:59:34,204 - INFO - File Loaded: .\mock_nessus_report.json
2025-06-11 20:59:34,204 - INFO - Scanning JSON structure to determine the type of parser to use...
2025-06-11 20:59:34,205 - INFO - Detected parser for JSON structure: [95mNessusParser[0m
2025-06-11 20:59:34,205 - INFO - Detected 'scan' top-level key with 'hosts'. Extracting hosts list.
2025-06-11 20:59:34,205 - INFO - Loading CISA KEV data from [93mhttps://www.cisa.gov/sites/default/files/feeds/known_exploited_vulnerabilities.json[0m
2025-06-11 20:59:34,377 - INFO - Loaded CISA KEV data from [93mhttps://www.cisa.gov/sites/default/files/feeds/known_exploited_vulnerabilities.json[0m
2025-06-11 20:59:34,377 - INFO - Loading EPSS data from [93mhttps://epss.cyentia.com/epss_scores-current.csv.gz[0m
2025-06-11 20:59:35,653 - INFO - Loaded EPSS data from [93mhttps://epss.cyentia.com/epss_scores-current.csv.gz[0m
2025-06-11 20:59:35,653 - INFO - Enrichments Applied
2025-06-11 20:59:35,653 - INFO - Parsed 6 assets, 9 findings
2025-06-11 20:59:35,653 - INFO - Pretty-printing JSON - Standby...
2025-06-11 20:59:35,654 - INFO - Parsed results are stored in: test.json
2025-06-11 20:59:35,655 - INFO - Assets Analyzed: 6,Findings Triaged: 9,Average Risk Score: 0.39,Highest Risk Asset: dbserver-01.example.com
2025-06-11 21:00:13,202 - INFO - Starting up VulnParse-Pin...
2025-06-11 21:00:13,202 - INFO - Loading file: .\mock_nessus_report.json
2025-06-11 21:00:13,202 - INFO - File Loaded: .\mock_nessus_report.json
2025-06-11 21:00:13,203 - INFO - Scanning JSON structure to determine the type of parser to use...
2025-06-11 21:00:13,203 - INFO - Detected parser for JSON structure: [95mNessusParser[0m
2025-06-11 21:00:13,203 - INFO - Detected 'scan' top-level key with 'hosts'. Extracting hosts list.
2025-06-11 21:00:13,203 - INFO - Loading CISA KEV data from [93mhttps://www.cisa.gov/sites/default/files/feeds/known_exploited_vulnerabilities.json[0m
2025-06-11 21:00:13,337 - INFO - Loaded CISA KEV data from [93mhttps://www.cisa.gov/sites/default/files/feeds/known_exploited_vulnerabilities.json[0m
2025-06-11 21:00:13,337 - INFO - Loading EPSS data from [93mhttps://epss.cyentia.com/epss_scores-current.csv.gz[0m
2025-06-11 21:00:14,159 - INFO - Loaded EPSS data from [93mhttps://epss.cyentia.com/epss_scores-current.csv.gz[0m
2025-06-11 21:00:14,159 - INFO - Enrichments Applied
2025-06-11 21:00:14,159 - INFO - Parsed 6 assets, 9 findings
2025-06-11 21:00:14,160 - INFO - Pretty-printing JSON - Standby...
2025-06-11 21:00:14,160 - INFO - Parsed results are stored in: test.json
2025-06-11 21:00:14,161 - INFO - Assets Analyzed: 6,Findings Triaged: 9,Average Risk Score: 0.39,Highest Risk Asset: dbserver-01.example.com
2025-06-11 21:00:26,880 - INFO - Starting up VulnParse-Pin...
2025-06-11 21:00:26,880 - INFO - Loading file: .\mock_nessus_report.json
2025-06-11 21:00:26,881 - INFO - File Loaded: .\mock_nessus_report.json
2025-06-11 21:00:26,881 - INFO - Scanning JSON structure to determine the type of parser to use...
2025-06-11 21:00:26,881 - INFO - Detected parser for JSON structure: [95mNessusParser[0m
2025-06-11 21:00:26,881 - INFO - Detected 'scan' top-level key with 'hosts'. Extracting hosts list.
2025-06-11 21:00:26,881 - INFO - Loading CISA KEV data from [93mhttps://www.cisa.gov/sites/default/files/feeds/known_exploited_vulnerabilities.json[0m
2025-06-11 21:00:26,998 - INFO - Loaded CISA KEV data from [93mhttps://www.cisa.gov/sites/default/files/feeds/known_exploited_vulnerabilities.json[0m
2025-06-11 21:00:26,998 - INFO - Loading EPSS data from [93mhttps://epss.cyentia.com/epss_scores-current.csv.gz[0m
2025-06-11 21:00:27,951 - INFO - Loaded EPSS data from [93mhttps://epss.cyentia.com/epss_scores-current.csv.gz[0m
2025-06-11 21:00:27,951 - INFO - Enrichments Applied
2025-06-11 21:00:27,951 - INFO - Parsed 6 assets, 9 findings
2025-06-11 21:00:27,952 - INFO - Pretty-printing JSON - Standby...
2025-06-11 21:00:27,953 - INFO - Parsed results are stored in: test.json
2025-06-11 21:00:27,954 - INFO - Assets Analyzed: 6,Findings Triaged: 9,Average Risk Score: 0.39,Highest Risk Asset: dbserver-01.example.com
2025-06-11 21:00:37,934 - INFO - Starting up VulnParse-Pin...
2025-06-11 21:00:37,934 - INFO - Loading file: .\mock_nessus_report.json
2025-06-11 21:00:37,935 - INFO - File Loaded: .\mock_nessus_report.json
2025-06-11 21:00:37,935 - INFO - Scanning JSON structure to determine the type of parser to use...
2025-06-11 21:00:37,935 - INFO - Detected parser for JSON structure: [95mNessusParser[0m
2025-06-11 21:00:37,935 - INFO - Detected 'scan' top-level key with 'hosts'. Extracting hosts list.
2025-06-11 21:00:37,935 - INFO - Loading CISA KEV data from [93mhttps://www.cisa.gov/sites/default/files/feeds/known_exploited_vulnerabilities.json[0m
2025-06-11 21:00:38,178 - INFO - Loaded CISA KEV data from [93mhttps://www.cisa.gov/sites/default/files/feeds/known_exploited_vulnerabilities.json[0m
2025-06-11 21:00:38,178 - INFO - Loading EPSS data from [93mhttps://epss.cyentia.com/epss_scores-current.csv.gz[0m
2025-06-11 21:00:39,358 - INFO - Loaded EPSS data from [93mhttps://epss.cyentia.com/epss_scores-current.csv.gz[0m
2025-06-11 21:00:39,358 - INFO - Enrichments Applied
2025-06-11 21:00:39,358 - INFO - Parsed 6 assets, 9 findings
2025-06-11 21:00:39,358 - INFO - Pretty-printing JSON - Standby...
2025-06-11 21:00:39,359 - INFO - Parsed results are stored in: test.json
2025-06-11 21:00:39,360 - INFO - Assets Analyzed: 6,Findings Triaged: 9,Average Risk Score: 0.39,Highest Risk Asset: dbserver-01.example.com
2025-06-11 22:01:48,973 - INFO - Starting up VulnParse-Pin...
2025-06-11 22:01:48,973 - INFO - Loading file: .\mock_nessus_report.json
2025-06-11 22:02:27,761 - INFO - Starting up VulnParse-Pin...
2025-06-11 22:02:27,762 - INFO - Loading file: .\mock_nessus_report.json
2025-06-11 22:02:38,895 - INFO - Starting up VulnParse-Pin...
2025-06-11 22:02:38,895 - INFO - Loading file: .\mock_nessus_report.json
2025-06-11 22:02:38,895 - INFO - File Loaded: .\mock_nessus_report.json
2025-06-11 22:02:38,895 - INFO - Scanning JSON structure to determine the type of parser to use...
2025-06-11 22:02:38,895 - INFO - Detected parser for JSON structure: [95mNessusParser[0m
2025-06-11 22:04:20,402 - INFO - Starting up VulnParse-Pin...
2025-06-11 22:04:20,402 - INFO - Loading file: .\mock_nessus_report.json
2025-06-11 22:04:20,402 - INFO - File Loaded: .\mock_nessus_report.json
2025-06-11 22:04:20,403 - INFO - Scanning JSON structure to determine the type of parser to use...
2025-06-11 22:04:20,403 - INFO - Detected parser for JSON structure: [95mNessusParser[0m
2025-06-11 22:11:36,961 - INFO - Starting up VulnParse-Pin...
2025-06-11 22:11:36,961 - INFO - Loading file: .\mock_nessus_report.json
2025-06-11 22:11:36,961 - INFO - File Loaded: .\mock_nessus_report.json
2025-06-11 22:11:36,961 - INFO - Scanning JSON structure to determine the type of parser to use...
2025-06-11 22:11:36,961 - INFO - Detected parser for JSON structure: [95mNessusParser[0m
2025-06-11 22:12:47,974 - INFO - Starting up VulnParse-Pin...
2025-06-11 22:12:47,974 - INFO - Loading file: .\mock_nessus_report.json
2025-06-11 22:12:47,975 - INFO - File Loaded: .\mock_nessus_report.json
2025-06-11 22:12:47,975 - INFO - Scanning JSON structure to determine the type of parser to use...
2025-06-11 22:12:47,975 - INFO - Detected parser for JSON structure: [95mNessusParser[0m
2025-06-11 22:22:01,271 - INFO - Starting up VulnParse-Pin...
2025-06-11 22:23:30,104 - INFO - Starting up VulnParse-Pin...
2025-06-11 22:23:30,104 - INFO - Loading file: .\mock_nessus_report.json
2025-06-11 22:23:30,105 - INFO - File Loaded: .\mock_nessus_report.json
2025-06-11 22:23:30,105 - INFO - Scanning JSON structure to determine the type of parser to use...
2025-06-11 22:23:30,105 - INFO - Detected parser for JSON structure: [95mNessusParser[0m
2025-06-11 22:30:18,073 - INFO - Starting up VulnParse-Pin...
2025-06-11 22:30:18,073 - INFO - Loading file: .\mock_nessus_report.json
2025-06-11 22:30:18,074 - INFO - File Loaded: .\mock_nessus_report.json
2025-06-11 22:30:18,074 - INFO - Scanning JSON structure to determine the type of parser to use...
2025-06-11 22:30:18,074 - INFO - Detected parser for JSON structure: [95mNessusParser[0m
2025-06-11 22:30:18,074 - INFO - Detected 'scan' top-level key with 'hosts'. Extracting hosts list.
2025-06-11 22:30:18,074 - INFO - Loading CISA KEV data from [93mhttps://www.cisa.gov/sites/default/files/feeds/known_exploited_vulnerabilities.json[0m
2025-06-11 22:30:18,231 - INFO - Loaded CISA KEV data from [93mhttps://www.cisa.gov/sites/default/files/feeds/known_exploited_vulnerabilities.json[0m
2025-06-11 22:30:18,231 - INFO - Loading EPSS data from [93mhttps://epss.cyentia.com/epss_scores-current.csv.gz[0m
2025-06-11 22:30:19,336 - INFO - Loaded EPSS data from [93mhttps://epss.cyentia.com/epss_scores-current.csv.gz[0m
2025-06-11 22:30:19,336 - INFO - Enrichments Applied
2025-06-11 22:30:19,336 - INFO - Parsed 6 assets, 9 findings
2025-06-11 22:30:19,337 - INFO - Pretty-printing JSON - Standby...
2025-06-11 22:30:19,337 - INFO - Parsed results are stored in: test.json
2025-06-11 22:30:48,191 - INFO - Starting up VulnParse-Pin...
2025-06-11 22:30:48,191 - INFO - Loading file: .\mock_nessus_report.json
2025-06-11 22:30:48,191 - INFO - File Loaded: .\mock_nessus_report.json
2025-06-11 22:30:48,192 - INFO - Scanning JSON structure to determine the type of parser to use...
2025-06-11 22:30:48,192 - INFO - Detected parser for JSON structure: [95mNessusParser[0m
2025-06-11 22:30:48,192 - INFO - Detected 'scan' top-level key with 'hosts'. Extracting hosts list.
2025-06-11 22:30:48,192 - INFO - Loading CISA KEV data from [93mhttps://www.cisa.gov/sites/default/files/feeds/known_exploited_vulnerabilities.json[0m
2025-06-11 22:30:48,326 - INFO - Loaded CISA KEV data from [93mhttps://www.cisa.gov/sites/default/files/feeds/known_exploited_vulnerabilities.json[0m
2025-06-11 22:30:48,326 - INFO - Loading EPSS data from [93mhttps://epss.cyentia.com/epss_scores-current.csv.gz[0m
2025-06-11 22:30:49,343 - INFO - Loaded EPSS data from [93mhttps://epss.cyentia.com/epss_scores-current.csv.gz[0m
2025-06-11 22:30:49,343 - INFO - Enrichments Applied
2025-06-11 22:30:49,343 - INFO - Parsed 6 assets, 9 findings
2025-06-11 22:30:49,343 - INFO - Pretty-printing JSON - Standby...
2025-06-11 22:30:49,344 - INFO - Parsed results are stored in: test.json
2025-06-11 22:30:49,345 - INFO - Assets Analyzed: 6,Findings Triaged: 9,Average Risk Score: 0.39,Highest Risk Asset: dbserver-01.example.com
2025-06-11 22:34:37,728 - INFO - Starting up VulnParse-Pin...
2025-06-11 22:34:37,728 - INFO - Loading file: .\mock_nessus_report.json
2025-06-11 22:34:37,728 - INFO - File Loaded: .\mock_nessus_report.json
2025-06-11 22:34:37,728 - INFO - Scanning JSON structure to determine the type of parser to use...
2025-06-11 22:34:37,728 - INFO - Detected parser for JSON structure: [95mNessusParser[0m
2025-06-11 22:34:37,728 - INFO - Detected 'scan' top-level key with 'hosts'. Extracting hosts list.
2025-06-11 22:34:37,729 - INFO - Loading CISA KEV data from [93mhttps://www.cisa.gov/sites/default/files/feeds/known_exploited_vulnerabilities.json[0m
2025-06-11 22:34:37,882 - INFO - Loaded CISA KEV data from [93mhttps://www.cisa.gov/sites/default/files/feeds/known_exploited_vulnerabilities.json[0m
2025-06-11 22:34:37,882 - INFO - Loading EPSS data from [93mhttps://epss.cyentia.com/epss_scores-current.csv.gz[0m
2025-06-11 22:34:38,773 - INFO - Loaded EPSS data from [93mhttps://epss.cyentia.com/epss_scores-current.csv.gz[0m
2025-06-11 22:34:38,773 - INFO - Enrichments Applied
2025-06-11 22:34:38,773 - INFO - Parsed 6 assets, 9 findings
2025-06-11 22:34:38,773 - INFO - Displaying results to console...
2025-06-11 22:34:38,777 - INFO - Assets Analyzed: 6,Findings Triaged: 9,Average Risk Score: 0.39,Highest Risk Asset: dbserver-01.example.com
